17/12/11 08:55:52 INFO client.RMProxy: Connecting to ResourceManager at node4/10.192.168.104:8032
17/12/11 08:55:53 INFO input.FileInputFormat: Total input paths to process : 4
17/12/11 08:55:53 INFO mapreduce.JobSubmitter: number of splits:4
17/12/11 08:55:53 INFO mapreduce.JobSubmitter: Submitting tokens for job: job_1512734422070_0307
17/12/11 08:55:53 INFO impl.YarnClientImpl: Submitted application application_1512734422070_0307
17/12/11 08:55:53 INFO mapreduce.Job: The url to track the job: http://node4:8088/proxy/application_1512734422070_0307/
17/12/11 08:55:53 INFO mapreduce.Job: Running job: job_1512734422070_0307
17/12/11 08:55:59 INFO mapreduce.Job: Job job_1512734422070_0307 running in uber mode : false
17/12/11 08:55:59 INFO mapreduce.Job:  map 0% reduce 0%
17/12/11 08:56:03 INFO mapreduce.Job:  map 100% reduce 0%
17/12/11 08:56:09 INFO mapreduce.Job:  map 100% reduce 100%
17/12/11 08:56:09 INFO mapreduce.Job: Job job_1512734422070_0307 completed successfully
17/12/11 08:56:09 INFO mapreduce.Job: Counters: 49
	File System Counters
		FILE: Number of bytes read=8357
		FILE: Number of bytes written=630692
		FILE: Number of read operations=0
		FILE: Number of large read operations=0
		FILE: Number of write operations=0
		HDFS: Number of bytes read=893656
		HDFS: Number of bytes written=37
		HDFS: Number of read operations=15
		HDFS: Number of large read operations=0
		HDFS: Number of write operations=2
	Job Counters 
		Launched map tasks=4
		Launched reduce tasks=1
		Data-local map tasks=4
		Total time spent by all maps in occupied slots (ms)=9165
		Total time spent by all reduces in occupied slots (ms)=2629
		Total time spent by all map tasks (ms)=9165
		Total time spent by all reduce tasks (ms)=2629
		Total vcore-milliseconds taken by all map tasks=9165
		Total vcore-milliseconds taken by all reduce tasks=2629
		Total megabyte-milliseconds taken by all map tasks=9384960
		Total megabyte-milliseconds taken by all reduce tasks=2692096
	Map-Reduce Framework
		Map input records=737
		Map output records=737
		Map output bytes=6877
		Map output materialized bytes=8375
		Input split bytes=429
		Combine input records=0
		Combine output records=0
		Reduce input groups=4
		Reduce shuffle bytes=8375
		Reduce input records=737
		Reduce output records=4
		Spilled Records=1474
		Shuffled Maps =4
		Failed Shuffles=0
		Merged Map outputs=4
		GC time elapsed (ms)=347
		CPU time spent (ms)=4050
		Physical memory (bytes) snapshot=1311326208
		Virtual memory (bytes) snapshot=10841849856
		Total committed heap usage (bytes)=955777024
	Shuffle Errors
		BAD_ID=0
		CONNECTION=0
		IO_ERROR=0
		WRONG_LENGTH=0
		WRONG_MAP=0
		WRONG_REDUCE=0
	File Input Format Counters 
		Bytes Read=893227
	File Output Format Counters 
		Bytes Written=37
17/12/11 08:56:09 INFO client.RMProxy: Connecting to ResourceManager at node4/10.192.168.104:8032
17/12/11 08:56:09 INFO input.FileInputFormat: Total input paths to process : 4
17/12/11 08:56:09 INFO mapreduce.JobSubmitter: number of splits:4
17/12/11 08:56:09 INFO mapreduce.JobSubmitter: Submitting tokens for job: job_1512734422070_0308
17/12/11 08:56:09 INFO impl.YarnClientImpl: Submitted application application_1512734422070_0308
17/12/11 08:56:09 INFO mapreduce.Job: The url to track the job: http://node4:8088/proxy/application_1512734422070_0308/
17/12/11 08:56:09 INFO mapreduce.Job: Running job: job_1512734422070_0308
17/12/11 08:56:20 INFO mapreduce.Job: Job job_1512734422070_0308 running in uber mode : false
17/12/11 08:56:20 INFO mapreduce.Job:  map 0% reduce 0%
17/12/11 08:56:24 INFO mapreduce.Job:  map 100% reduce 0%
17/12/11 08:56:30 INFO mapreduce.Job:  map 100% reduce 100%
17/12/11 08:56:30 INFO mapreduce.Job: Job job_1512734422070_0308 completed successfully
17/12/11 08:56:30 INFO mapreduce.Job: Counters: 49
	File System Counters
		FILE: Number of bytes read=2268964
		FILE: Number of bytes written=5152081
		FILE: Number of read operations=0
		FILE: Number of large read operations=0
		FILE: Number of write operations=0
		HDFS: Number of bytes read=893656
		HDFS: Number of bytes written=450152
		HDFS: Number of read operations=15
		HDFS: Number of large read operations=0
		HDFS: Number of write operations=2
	Job Counters 
		Launched map tasks=4
		Launched reduce tasks=1
		Data-local map tasks=4
		Total time spent by all maps in occupied slots (ms)=10030
		Total time spent by all reduces in occupied slots (ms)=2978
		Total time spent by all map tasks (ms)=10030
		Total time spent by all reduce tasks (ms)=2978
		Total vcore-milliseconds taken by all map tasks=10030
		Total vcore-milliseconds taken by all reduce tasks=2978
		Total megabyte-milliseconds taken by all map tasks=10270720
		Total megabyte-milliseconds taken by all reduce tasks=3049472
	Map-Reduce Framework
		Map input records=737
		Map output records=122121
		Map output bytes=2024716
		Map output materialized bytes=2268982
		Input split bytes=429
		Combine input records=0
		Combine output records=0
		Reduce input groups=28663
		Reduce shuffle bytes=2268982
		Reduce input records=122121
		Reduce output records=28663
		Spilled Records=244242
		Shuffled Maps =4
		Failed Shuffles=0
		Merged Map outputs=4
		GC time elapsed (ms)=322
		CPU time spent (ms)=8790
		Physical memory (bytes) snapshot=1358254080
		Virtual memory (bytes) snapshot=10863247360
		Total committed heap usage (bytes)=939524096
	Shuffle Errors
		BAD_ID=0
		CONNECTION=0
		IO_ERROR=0
		WRONG_LENGTH=0
		WRONG_MAP=0
		WRONG_REDUCE=0
	File Input Format Counters 
		Bytes Read=893227
	File Output Format Counters 
		Bytes Written=450152
17/12/11 08:56:30 INFO client.RMProxy: Connecting to ResourceManager at node4/10.192.168.104:8032
17/12/11 08:56:30 INFO input.FileInputFormat: Total input paths to process : 4
17/12/11 08:56:30 INFO mapreduce.JobSubmitter: number of splits:4
17/12/11 08:56:30 INFO mapreduce.JobSubmitter: Submitting tokens for job: job_1512734422070_0309
17/12/11 08:56:30 INFO impl.YarnClientImpl: Submitted application application_1512734422070_0309
17/12/11 08:56:30 INFO mapreduce.Job: The url to track the job: http://node4:8088/proxy/application_1512734422070_0309/
17/12/11 08:56:30 INFO mapreduce.Job: Running job: job_1512734422070_0309
17/12/11 08:56:40 INFO mapreduce.Job: Job job_1512734422070_0309 running in uber mode : false
17/12/11 08:56:40 INFO mapreduce.Job:  map 0% reduce 0%
17/12/11 08:56:44 INFO mapreduce.Job:  map 100% reduce 0%
17/12/11 08:56:50 INFO mapreduce.Job:  map 100% reduce 100%
17/12/11 08:56:50 INFO mapreduce.Job: Job job_1512734422070_0309 completed successfully
17/12/11 08:56:50 INFO mapreduce.Job: Counters: 49
	File System Counters
		FILE: Number of bytes read=8357
		FILE: Number of bytes written=631087
		FILE: Number of read operations=0
		FILE: Number of large read operations=0
		FILE: Number of write operations=0
		HDFS: Number of bytes read=893656
		HDFS: Number of bytes written=45
		HDFS: Number of read operations=15
		HDFS: Number of large read operations=0
		HDFS: Number of write operations=2
	Job Counters 
		Launched map tasks=4
		Launched reduce tasks=1
		Data-local map tasks=4
		Total time spent by all maps in occupied slots (ms)=9197
		Total time spent by all reduces in occupied slots (ms)=2860
		Total time spent by all map tasks (ms)=9197
		Total time spent by all reduce tasks (ms)=2860
		Total vcore-milliseconds taken by all map tasks=9197
		Total vcore-milliseconds taken by all reduce tasks=2860
		Total megabyte-milliseconds taken by all map tasks=9417728
		Total megabyte-milliseconds taken by all reduce tasks=2928640
	Map-Reduce Framework
		Map input records=737
		Map output records=737
		Map output bytes=6877
		Map output materialized bytes=8375
		Input split bytes=429
		Combine input records=0
		Combine output records=0
		Reduce input groups=4
		Reduce shuffle bytes=8375
		Reduce input records=737
		Reduce output records=4
		Spilled Records=1474
		Shuffled Maps =4
		Failed Shuffles=0
		Merged Map outputs=4
		GC time elapsed (ms)=306
		CPU time spent (ms)=4220
		Physical memory (bytes) snapshot=1303273472
		Virtual memory (bytes) snapshot=10837856256
		Total committed heap usage (bytes)=951058432
	Shuffle Errors
		BAD_ID=0
		CONNECTION=0
		IO_ERROR=0
		WRONG_LENGTH=0
		WRONG_MAP=0
		WRONG_REDUCE=0
	File Input Format Counters 
		Bytes Read=893227
	File Output Format Counters 
		Bytes Written=45
17/12/11 08:56:50 INFO client.RMProxy: Connecting to ResourceManager at node4/10.192.168.104:8032
17/12/11 08:56:50 INFO input.FileInputFormat: Total input paths to process : 4
17/12/11 08:56:50 INFO mapreduce.JobSubmitter: number of splits:4
17/12/11 08:56:50 INFO mapreduce.JobSubmitter: Submitting tokens for job: job_1512734422070_0310
17/12/11 08:56:50 INFO impl.YarnClientImpl: Submitted application application_1512734422070_0310
17/12/11 08:56:50 INFO mapreduce.Job: The url to track the job: http://node4:8088/proxy/application_1512734422070_0310/
17/12/11 08:56:50 INFO mapreduce.Job: Running job: job_1512734422070_0310
17/12/11 08:57:00 INFO mapreduce.Job: Job job_1512734422070_0310 running in uber mode : false
17/12/11 08:57:00 INFO mapreduce.Job:  map 0% reduce 0%
17/12/11 08:57:04 INFO mapreduce.Job:  map 100% reduce 0%
17/12/11 08:57:10 INFO mapreduce.Job:  map 100% reduce 100%
17/12/11 08:57:10 INFO mapreduce.Job: Job job_1512734422070_0310 completed successfully
17/12/11 08:57:10 INFO mapreduce.Job: Counters: 49
	File System Counters
		FILE: Number of bytes read=999422
		FILE: Number of bytes written=2612652
		FILE: Number of read operations=0
		FILE: Number of large read operations=0
		FILE: Number of write operations=0
		HDFS: Number of bytes read=1130794
		HDFS: Number of bytes written=5112
		HDFS: Number of read operations=20
		HDFS: Number of large read operations=0
		HDFS: Number of write operations=2
	Job Counters 
		Launched map tasks=4
		Launched reduce tasks=1
		Data-local map tasks=4
		Total time spent by all maps in occupied slots (ms)=9525
		Total time spent by all reduces in occupied slots (ms)=3122
		Total time spent by all map tasks (ms)=9525
		Total time spent by all reduce tasks (ms)=3122
		Total vcore-milliseconds taken by all map tasks=9525
		Total vcore-milliseconds taken by all reduce tasks=3122
		Total megabyte-milliseconds taken by all map tasks=9753600
		Total megabyte-milliseconds taken by all reduce tasks=3196928
	Map-Reduce Framework
		Map input records=185
		Map output records=31671
		Map output bytes=936074
		Map output materialized bytes=999440
		Input split bytes=425
		Combine input records=0
		Combine output records=0
		Reduce input groups=185
		Reduce shuffle bytes=999440
		Reduce input records=31671
		Reduce output records=185
		Spilled Records=63342
		Shuffled Maps =4
		Failed Shuffles=0
		Merged Map outputs=4
		GC time elapsed (ms)=316
		CPU time spent (ms)=7110
		Physical memory (bytes) snapshot=1326411776
		Virtual memory (bytes) snapshot=10850553856
		Total committed heap usage (bytes)=949485568
	Shuffle Errors
		BAD_ID=0
		CONNECTION=0
		IO_ERROR=0
		WRONG_LENGTH=0
		WRONG_MAP=0
		WRONG_REDUCE=0
	File Input Format Counters 
		Bytes Read=229946
	File Output Format Counters 
		Bytes Written=5112
----------------------------------
BELG的准确率 = 0.8666666666666667
BELG的召回率 = 0.8666666666666667
BELG的F = 0.8666666666666667

AUSTR的准确率 = 0.9464285714285714
AUSTR的召回率 = 0.8688524590163934
AUSTR的F = 0.9059829059829059

BRAZ的准确率 = 0.926829268292683
BRAZ的召回率 = 0.95
BRAZ的F = 0.9382716049382716

CANA的准确率 = 0.8793103448275862
CANA的召回率 = 0.9444444444444444
CANA的F = 0.9107142857142858

Micro-average = 0.9081081081081082
----------------------------------
